<?xml version="1.0" encoding="UTF-8"?>
<!-- Generated by org.testng.reporters.JUnitReportReporter -->
<testsuite skipped="0" hostname="Sarif-PC" name="codenboxautomationlab.MavenExample.ValidTitleTest" tests="1" failures="0" timestamp="03 Mar 2020 21:34:38 GMT" time="28.774" errors="0">
  <testcase name="pageTitle" time="28.774" classname="codenboxautomationlab.MavenExample.ValidTitleTest"/>
</testsuite> <!-- codenboxautomationlab.MavenExample.ValidTitleTest -->
