<?xml version="1.0" encoding="UTF-8"?>
<!-- Generated by org.testng.reporters.JUnitReportReporter -->
<testsuite skipped="0" hostname="Sarif-PC" name="codenboxautomationlab.MavenExample.LoginPageTest" tests="1" failures="0" timestamp="03 Mar 2020 21:34:38 GMT" time="7.666" errors="0">
  <testcase name="basePageLogin" time="7.666" classname="codenboxautomationlab.MavenExample.LoginPageTest"/>
</testsuite> <!-- codenboxautomationlab.MavenExample.LoginPageTest -->
