<?xml version="1.0" encoding="UTF-8"?>
<!-- Generated by org.testng.reporters.JUnitReportReporter -->
<testsuite skipped="0" hostname="Sarif-PC" name="codenboxautomationlab.MavenExample.NavigationBarTest" tests="2" failures="0" timestamp="03 Mar 2020 21:34:38 GMT" time="0.412" errors="0">
  <testcase name="dropDownSelect" time="0.302" classname="codenboxautomationlab.MavenExample.NavigationBarTest"/>
  <testcase name="basePageNavigationBar" time="0.110" classname="codenboxautomationlab.MavenExample.NavigationBarTest"/>
</testsuite> <!-- codenboxautomationlab.MavenExample.NavigationBarTest -->
