<?xml version="1.0" encoding="UTF-8"?>
<!-- Generated by org.testng.reporters.JUnitReportReporter -->
<testsuite skipped="0" hostname="Sarif-PC" name="codenboxautomationlab.MavenExample.ValidTitleTest" tests="1" failures="0" timestamp="05 Mar 2020 02:54:03 GMT" time="24.674" errors="0">
  <testcase name="pageTitle" time="24.674" classname="codenboxautomationlab.MavenExample.ValidTitleTest"/>
</testsuite> <!-- codenboxautomationlab.MavenExample.ValidTitleTest -->
