<?xml version="1.0" encoding="UTF-8"?>
<!-- Generated by org.testng.reporters.JUnitReportReporter -->
<testsuite skipped="0" hostname="Sarif-PC" name="codenboxautomationlab.MavenExample.LoginPageTest" tests="1" failures="0" timestamp="05 Mar 2020 02:54:03 GMT" time="9.404" errors="0">
  <testcase name="basePageLogin" time="9.404" classname="codenboxautomationlab.MavenExample.LoginPageTest"/>
</testsuite> <!-- codenboxautomationlab.MavenExample.LoginPageTest -->
